<?xml version="1.0" encoding="UTF-8"?>
<testsuites>
  <testsuite name="Tests" tests="16" assertions="25" failures="0" errors="0" time="0.156042">
    <testsuite name="advancedHelpTest" file="/Volumes/Data/Users/aklump/Code/Packages/bash/loft_docs/core/tests/AdvancedHelpTest.php" tests="3" assertions="3" failures="0" errors="0" time="0.134274">
      <testcase name="testImages" class="advancedHelpTest" file="/Volumes/Data/Users/aklump/Code/Packages/bash/loft_docs/core/tests/AdvancedHelpTest.php" line="15" assertions="1" time="0.045389"/>
      <testcase name="testHelpLinks" class="advancedHelpTest" file="/Volumes/Data/Users/aklump/Code/Packages/bash/loft_docs/core/tests/AdvancedHelpTest.php" line="45" assertions="1" time="0.045024"/>
      <testcase name="testRemoveH1Tag" class="advancedHelpTest" file="/Volumes/Data/Users/aklump/Code/Packages/bash/loft_docs/core/tests/AdvancedHelpTest.php" line="71" assertions="1" time="0.043861"/>
    </testsuite>
    <testsuite name="TodosTest" file="/Volumes/Data/Users/aklump/Code/Packages/bash/loft_docs/core/tests/TodosTest.php" tests="6" assertions="11" failures="0" errors="0" time="0.008465">
      <testcase name="testParseTodosWithPrefix" class="TodosTest" file="/Volumes/Data/Users/aklump/Code/Packages/bash/loft_docs/core/tests/TodosTest.php" line="14" assertions="1" time="0.001135"/>
      <testcase name="test_flatten_todos" class="TodosTest" file="/Volumes/Data/Users/aklump/Code/Packages/bash/loft_docs/core/tests/TodosTest.php" line="20" assertions="1" time="0.001463"/>
      <testcase name="test_get_weight" class="TodosTest" file="/Volumes/Data/Users/aklump/Code/Packages/bash/loft_docs/core/tests/TodosTest.php" line="30" assertions="5" time="0.001307"/>
      <testcase name="testSortTodosRemovesDuplicates" class="TodosTest" file="/Volumes/Data/Users/aklump/Code/Packages/bash/loft_docs/core/tests/TodosTest.php" line="38" assertions="1" time="0.001244"/>
      <testcase name="test_sort_todos" class="TodosTest" file="/Volumes/Data/Users/aklump/Code/Packages/bash/loft_docs/core/tests/TodosTest.php" line="52" assertions="1" time="0.001794"/>
      <testcase name="test_parse_todos" class="TodosTest" file="/Volumes/Data/Users/aklump/Code/Packages/bash/loft_docs/core/tests/TodosTest.php" line="67" assertions="2" time="0.001522"/>
    </testsuite>
    <testsuite name="AKlump\LoftDocs\SearchHtmlTest" file="/Volumes/Data/Users/aklump/Code/Packages/bash/loft_docs/core/tests/phpunit/SearchHtmlTest.php" tests="3" assertions="7" failures="0" errors="0" time="0.004951">
      <testcase name="testNoTags" class="AKlump\LoftDocs\SearchHtmlTest" file="/Volumes/Data/Users/aklump/Code/Packages/bash/loft_docs/core/tests/phpunit/SearchHtmlTest.php" line="12" assertions="3" time="0.002291"/>
      <testcase name="testTitle" class="AKlump\LoftDocs\SearchHtmlTest" file="/Volumes/Data/Users/aklump/Code/Packages/bash/loft_docs/core/tests/phpunit/SearchHtmlTest.php" line="20" assertions="3" time="0.001561"/>
      <testcase name="testReturnsObject" class="AKlump\LoftDocs\SearchHtmlTest" file="/Volumes/Data/Users/aklump/Code/Packages/bash/loft_docs/core/tests/phpunit/SearchHtmlTest.php" line="28" assertions="1" time="0.001099"/>
    </testsuite>
    <testsuite name="AKlump\LoftDocs\SearchPageDataTest" file="/Volumes/Data/Users/aklump/Code/Packages/bash/loft_docs/core/tests/phpunit/SearchPageDataTest.php" tests="1" assertions="1" failures="0" errors="0" time="0.001726">
      <testcase name="testTagsWithSpacesThrows" class="AKlump\LoftDocs\SearchPageDataTest" file="/Volumes/Data/Users/aklump/Code/Packages/bash/loft_docs/core/tests/phpunit/SearchPageDataTest.php" line="15" assertions="1" time="0.001726"/>
    </testsuite>
    <testsuite name="AKlump\LoftDocs\TipueSearchTest" file="/Volumes/Data/Users/aklump/Code/Packages/bash/loft_docs/core/tests/phpunit/TipueSearchTest.php" tests="3" assertions="3" failures="0" errors="0" time="0.006625">
      <testcase name="testAddTwoSortsCorrectly" class="AKlump\LoftDocs\TipueSearchTest" file="/Volumes/Data/Users/aklump/Code/Packages/bash/loft_docs/core/tests/phpunit/TipueSearchTest.php" line="12" assertions="1" time="0.003834"/>
      <testcase name="testAddDuplicatesFilters" class="AKlump\LoftDocs\TipueSearchTest" file="/Volumes/Data/Users/aklump/Code/Packages/bash/loft_docs/core/tests/phpunit/TipueSearchTest.php" line="24" assertions="1" time="0.001373"/>
      <testcase name="testAddOneGet" class="AKlump\LoftDocs\TipueSearchTest" file="/Volumes/Data/Users/aklump/Code/Packages/bash/loft_docs/core/tests/phpunit/TipueSearchTest.php" line="35" assertions="1" time="0.001418"/>
    </testsuite>
  </testsuite>
</testsuites>
